This file contains any messages produced by compilers while
running configure, to aid debugging if configure makes a mistake.

It was created by configure, which was
generated by GNU Autoconf 2.71.  Invocation command line was

  $ ./configure --with-ssh2

## --------- ##
## Platform. ##
## --------- ##

hostname = biting7ookPro13
uname -m = x86_64
uname -r = 21.6.0
uname -s = Darwin
uname -v = Darwin Kernel Version 21.6.0: Mon Dec 19 20:44:01 PST 2022; root:xnu-8020.240.18~2/RELEASE_X86_64

/usr/bin/uname -p = i386
/bin/uname -X     = unknown

/bin/arch              = unknown
/usr/bin/arch -k       = unknown
/usr/convex/getsysinfo = unknown
/usr/bin/hostinfo      = Mach kernel version:
	 Darwin Kernel Version 21.6.0: Mon Dec 19 20:44:01 PST 2022; root:xnu-8020.240.18~2/RELEASE_X86_64
Kernel configured for up to 4 processors.
2 processors are physically available.
2 processors are logically available.
Processor type: x86_64h (Intel x86-64h Haswell)
Processors active: 0 1 2 3
Primary memory available: 16.00 gigabytes
Default processor set: 545 tasks, 2294 threads, 4 processors
Load average: 2.81, Mach factor: 1.92
/bin/machine           = unknown
/usr/bin/oslevel       = unknown
/bin/universe          = unknown

PATH: /opt/local/bin/
PATH: /opt/local/sbin/
PATH: /Library/Frameworks/Python.framework/Versions/3.9/bin/
PATH: /usr/local/bin/
PATH: /usr/bin/
PATH: /bin/
PATH: /usr/sbin/
PATH: /sbin/
PATH: /usr/local/go/bin/
PATH: /usr/local/share/dotnet/
PATH: /opt/X11/bin/
PATH: /Library/Apple/usr/bin/
PATH: /opt/local/bin/
PATH: /opt/local/sbin/
PATH: /Library/Frameworks/Python.framework/Versions/3.9/bin/


## ----------- ##
## Core tests. ##
## ----------- ##

configure:2483: looking for aux files: config.guess config.sub
configure:2496:  trying ./build/
configure:2525:   ./build/config.guess found
configure:2525:   ./build/config.sub found
configure:2642: checking for grep that handles long lines and -e
configure:2706: result: /usr/bin/grep
configure:2711: checking for egrep
configure:2779: result: /usr/bin/grep -E
configure:2784: checking for a sed that does not truncate output
configure:2854: result: /usr/bin/sed
configure:2998: checking for pkg-config
configure:3021: found /opt/local/bin/pkg-config
configure:3033: result: /opt/local/bin/pkg-config
configure:3058: checking pkg-config is at least version 0.9.0
configure:3061: result: yes
configure:3137: checking for cc
configure:3158: found /usr/bin/cc
configure:3169: result: cc
configure:3200: checking for C compiler version
configure:3209: cc --version >&5
Apple clang version 14.0.0 (clang-1400.0.29.202)
Target: x86_64-apple-darwin21.6.0
Thread model: posix
InstalledDir: /Applications/Xcode.app/Contents/Developer/Toolchains/XcodeDefault.xctoolchain/usr/bin
configure:3220: $? = 0
configure:3209: cc -v >&5
Apple clang version 14.0.0 (clang-1400.0.29.202)
Target: x86_64-apple-darwin21.6.0
Thread model: posix
InstalledDir: /Applications/Xcode.app/Contents/Developer/Toolchains/XcodeDefault.xctoolchain/usr/bin
configure:3220: $? = 0
configure:3209: cc -V >&5
clang: error: argument to '-V' is missing (expected 1 value)
clang: error: no input files
configure:3220: $? = 1
configure:3209: cc -qversion >&5
clang: error: unknown argument '-qversion'; did you mean '--version'?
clang: error: no input files
configure:3220: $? = 1
configure:3209: cc -version >&5
clang: error: unknown argument '-version'; did you mean '--version'?
clang: error: no input files
configure:3220: $? = 1
configure:3240: checking whether the C compiler works
configure:3262: cc    conftest.c  >&5
configure:3266: $? = 0
configure:3316: result: yes
configure:3319: checking for C compiler default output file name
configure:3321: result: a.out
configure:3327: checking for suffix of executables
configure:3334: cc -o conftest    conftest.c  >&5
configure:3338: $? = 0
configure:3361: result: 
configure:3383: checking whether we are cross compiling
configure:3391: cc -o conftest    conftest.c  >&5
configure:3395: $? = 0
configure:3402: ./conftest
configure:3406: $? = 0
configure:3421: result: no
configure:3426: checking for suffix of object files
configure:3449: cc -c   conftest.c >&5
configure:3453: $? = 0
configure:3475: result: o
configure:3479: checking whether the compiler supports GNU C
configure:3499: cc -c   conftest.c >&5
configure:3499: $? = 0
configure:3509: result: yes
configure:3520: checking whether cc accepts -g
configure:3541: cc -c -g  conftest.c >&5
configure:3541: $? = 0
configure:3585: result: yes
configure:3605: checking for cc option to enable C11 features
configure:3620: cc  -c -g -O2  conftest.c >&5
configure:3620: $? = 0
configure:3638: result: none needed
configure:3754: checking how to run the C preprocessor
configure:3780: cc -E  conftest.c
configure:3780: $? = 0
configure:3795: cc -E  conftest.c
conftest.c:9:10: fatal error: 'ac_nonexistent.h' file not found
#include <ac_nonexistent.h>
         ^~~~~~~~~~~~~~~~~~
1 error generated.
configure:3795: $? = 1
configure: failed program was:
| /* confdefs.h */
| #define PACKAGE_NAME ""
| #define PACKAGE_TARNAME ""
| #define PACKAGE_VERSION ""
| #define PACKAGE_STRING ""
| #define PACKAGE_BUGREPORT ""
| #define PACKAGE_URL ""
| /* end confdefs.h.  */
| #include <ac_nonexistent.h>
configure:3822: result: cc -E
configure:3836: cc -E  conftest.c
configure:3836: $? = 0
configure:3851: cc -E  conftest.c
conftest.c:9:10: fatal error: 'ac_nonexistent.h' file not found
#include <ac_nonexistent.h>
         ^~~~~~~~~~~~~~~~~~
1 error generated.
configure:3851: $? = 1
configure: failed program was:
| /* confdefs.h */
| #define PACKAGE_NAME ""
| #define PACKAGE_TARNAME ""
| #define PACKAGE_VERSION ""
| #define PACKAGE_STRING ""
| #define PACKAGE_BUGREPORT ""
| #define PACKAGE_URL ""
| /* end confdefs.h.  */
| #include <ac_nonexistent.h>
configure:3884: checking for icc
configure:3894: result: no
configure:3908: checking for suncc
configure:3918: result: no
configure:3936: checking for system library directory
configure:3952: result: lib
configure:3959: checking if compiler supports -Wl,-rpath,
configure:3979: cc -o conftest -g -O2   conftest.c -Wl,-rpath,/usr/lib  >&5
configure:3979: $? = 0
configure:3990: result: yes
configure:4045: checking build system type
configure:4060: result: x86_64-apple-darwin21.6.0
configure:4080: checking host system type
configure:4094: result: x86_64-apple-darwin21.6.0
configure:4114: checking target system type
configure:4128: result: x86_64-apple-darwin21.6.0
configure:4232: checking for PHP prefix
configure:4234: result: /usr/local/Cellar/php@8.0/8.0.24
configure:4236: checking for PHP includes
configure:4238: result: -I/usr/local/Cellar/php@8.0/8.0.24/include/php -I/usr/local/Cellar/php@8.0/8.0.24/include/php/main -I/usr/local/Cellar/php@8.0/8.0.24/include/php/TSRM -I/usr/local/Cellar/php@8.0/8.0.24/include/php/Zend -I/usr/local/Cellar/php@8.0/8.0.24/include/php/ext -I/usr/local/Cellar/php@8.0/8.0.24/include/php/ext/date/lib
configure:4240: checking for PHP extension directory
configure:4242: result: /usr/local/Cellar/php@8.0/8.0.24/pecl/20200930
configure:4244: checking for PHP installed headers prefix
configure:4246: result: /usr/local/Cellar/php@8.0/8.0.24/include/php
configure:4249: checking if debug is enabled
configure:4276: result: no
configure:4279: checking if zts is enabled
configure:4306: result: no
configure:4374: checking for gawk
configure:4410: result: no
configure:4374: checking for nawk
configure:4410: result: no
configure:4374: checking for awk
configure:4396: found /usr/bin/awk
configure:4407: result: awk
configure:4430: checking if awk is broken
configure:4437: result: no
configure:4451: checking for ssh2 support
configure:4492: result: yes, shared
configure:4504: checking for ssh2 files in default path
configure:4509: result: found in /usr/local
configure:4664: checking for libssh2_banner_set in -lssh2
configure:4687: cc -o conftest -g -O2  -Wl,-rpath,/usr/local/lib -L/usr/local/lib  -lm conftest.c -lssh2   >&5
configure:4687: $? = 0
configure:4698: result: yes
configure:4928: checking for libssh2_channel_forward_listen_ex in -lssh2
configure:4951: cc -o conftest -g -O2  -Wl,-rpath,/usr/local/lib -L/usr/local/lib  -lm conftest.c -lssh2   >&5
configure:4951: $? = 0
configure:4962: result: yes
configure:5096: checking for libssh2_userauth_hostbased_fromfile_ex in -lssh2
configure:5119: cc -o conftest -g -O2  -Wl,-rpath,/usr/local/lib -L/usr/local/lib  -lm conftest.c -lssh2   >&5
configure:5119: $? = 0
configure:5130: result: yes
configure:5264: checking for libssh2_poll in -lssh2
configure:5287: cc -o conftest -g -O2  -Wl,-rpath,/usr/local/lib -L/usr/local/lib  -lm conftest.c -lssh2   >&5
configure:5287: $? = 0
configure:5298: result: yes
configure:5432: checking for libssh2_publickey_init in -lssh2
configure:5455: cc -o conftest -g -O2  -Wl,-rpath,/usr/local/lib -L/usr/local/lib  -lm conftest.c -lssh2   >&5
configure:5455: $? = 0
configure:5466: result: yes
configure:5826: checking for a sed that does not truncate output
configure:5881: result: /usr/bin/sed
configure:5896: checking for ld used by cc
configure:5964: result: /Applications/Xcode.app/Contents/Developer/Toolchains/XcodeDefault.xctoolchain/usr/bin/ld
configure:5971: checking if the linker (/Applications/Xcode.app/Contents/Developer/Toolchains/XcodeDefault.xctoolchain/usr/bin/ld) is GNU ld
configure:5987: result: no
configure:5992: checking for /Applications/Xcode.app/Contents/Developer/Toolchains/XcodeDefault.xctoolchain/usr/bin/ld option to reload object files
configure:6000: result: -r
configure:6018: checking for BSD-compatible nm
configure:6068: result: /usr/bin/nm -B
configure:6072: checking whether ln -s works
configure:6076: result: yes
configure:6083: checking how to recognize dependent libraries
configure:6270: result: pass_all
configure:6494: checking for stdio.h
configure:6494: cc -c -g -O2  conftest.c >&5
configure:6494: $? = 0
configure:6494: result: yes
configure:6494: checking for stdlib.h
configure:6494: cc -c -g -O2  conftest.c >&5
configure:6494: $? = 0
configure:6494: result: yes
configure:6494: checking for string.h
configure:6494: cc -c -g -O2  conftest.c >&5
configure:6494: $? = 0
configure:6494: result: yes
configure:6494: checking for inttypes.h
configure:6494: cc -c -g -O2  conftest.c >&5
configure:6494: $? = 0
configure:6494: result: yes
configure:6494: checking for stdint.h
configure:6494: cc -c -g -O2  conftest.c >&5
configure:6494: $? = 0
configure:6494: result: yes
configure:6494: checking for strings.h
configure:6494: cc -c -g -O2  conftest.c >&5
configure:6494: $? = 0
configure:6494: result: yes
configure:6494: checking for sys/stat.h
configure:6494: cc -c -g -O2  conftest.c >&5
configure:6494: $? = 0
configure:6494: result: yes
configure:6494: checking for sys/types.h
configure:6494: cc -c -g -O2  conftest.c >&5
configure:6494: $? = 0
configure:6494: result: yes
configure:6494: checking for unistd.h
configure:6494: cc -c -g -O2  conftest.c >&5
configure:6494: $? = 0
configure:6494: result: yes
configure:6519: checking for dlfcn.h
configure:6519: cc -c -g -O2  conftest.c >&5
configure:6519: $? = 0
configure:6519: result: yes
configure:6538: checking the maximum length of command line arguments
configure:6651: result: 786432
configure:6663: checking command to parse /usr/bin/nm -B output from cc object
configure:6769: cc -c -g -O2  conftest.c >&5
configure:6772: $? = 0
configure:6776: /usr/bin/nm -B conftest.o \| sed -n -e 's/^.*[ 	]\([ABCDGIRSTW][ABCDGIRSTW]*\)[ 	][ 	]*\([_A-Za-z][_A-Za-z0-9]*\)$/\1 \2 \2/p' \> conftest.nm
configure:6779: $? = 0
cannot find nm_test_var in conftest.nm
configure:6769: cc -c -g -O2  conftest.c >&5
configure:6772: $? = 0
configure:6776: /usr/bin/nm -B conftest.o \| sed -n -e 's/^.*[ 	]\([ABCDGIRSTW][ABCDGIRSTW]*\)[ 	][ 	]*_\([_A-Za-z][_A-Za-z0-9]*\)$/\1 _\2 \2/p' \> conftest.nm
configure:6779: $? = 0
configure:6831: cc -o conftest -g -O2   conftest.c conftstm.o >&5
warning: (x86_64)  could not find object file symbol for symbol _main
configure:6834: $? = 0
configure:6872: result: ok
configure:6876: checking for objdir
configure:6892: result: .libs
configure:6989: checking for ar
configure:7010: found /usr/bin/ar
configure:7021: result: ar
configure:7091: checking for ranlib
configure:7112: found /usr/bin/ranlib
configure:7123: result: ranlib
configure:7193: checking for strip
configure:7214: found /usr/bin/strip
configure:7225: result: strip
configure:7485: checking for dsymutil
configure:7506: found /usr/bin/dsymutil
configure:7517: result: dsymutil
configure:7587: checking for nmedit
configure:7608: found /usr/bin/nmedit
configure:7619: result: nmedit
configure:7642: checking for -single_module linker flag
configure:7664: result: yes
configure:7666: checking for -exported_symbols_list linker flag
configure:7683: cc -o conftest -g -O2   -Wl,-exported_symbols_list,conftest.sym conftest.c  >&5
configure:7686: $? = 0
configure:7700: result: yes
configure:7820: checking if cc supports -fno-rtti -fno-exceptions
configure:7839: cc -c -g -O2  -fno-rtti -fno-exceptions conftest.c >&5
configure:7843: $? = 0
configure:7856: result: yes
configure:7871: checking for cc option to produce PIC
configure:8111: result: -fno-common
configure:8119: checking if cc PIC flag -fno-common works
configure:8138: cc -c -g -O2  -fno-common -DPIC conftest.c >&5
configure:8142: $? = 0
configure:8155: result: yes
configure:8183: checking if cc static flag -static works
configure:8212: result: no
configure:8222: checking if cc supports -c -o file.o
configure:8244: cc -c -g -O2  -o out/conftest2.o conftest.c >&5
configure:8248: $? = 0
configure:8270: result: yes
configure:8296: checking whether the cc linker (/Applications/Xcode.app/Contents/Developer/Toolchains/XcodeDefault.xctoolchain/usr/bin/ld) supports shared libraries
configure:9224: result: yes
configure:9291: checking dynamic linker characteristics
configure:9889: result: darwin21.6.0 dyld
configure:9915: checking how to hardcode library paths into programs
configure:9940: result: immediate
configure:9954: checking whether stripping libraries is possible
configure:9968: result: yes
configure:10474: checking if libtool supports shared libraries
configure:10476: result: yes
configure:10479: checking whether to build shared libraries
configure:10500: result: yes
configure:10503: checking whether to build static libraries
configure:10507: result: no
configure:10601: result:
creating libtool
configure:14307: patching config.h.in
configure:14318: creating ./config.status

## ---------------------- ##
## Running config.status. ##
## ---------------------- ##

This file was extended by config.status, which was
generated by GNU Autoconf 2.71.  Invocation command line was

  CONFIG_FILES    = 
  CONFIG_HEADERS  = 
  CONFIG_LINKS    = 
  CONFIG_COMMANDS = 
  $ ./config.status 

on biting7ookPro13

config.status:674: creating config.h

## ---------------- ##
## Cache variables. ##
## ---------------- ##

ac_cv_build=x86_64-apple-darwin21.6.0
ac_cv_c_compiler_gnu=yes
ac_cv_env_CC_set=
ac_cv_env_CC_value=
ac_cv_env_CFLAGS_set=
ac_cv_env_CFLAGS_value=
ac_cv_env_CPPFLAGS_set=
ac_cv_env_CPPFLAGS_value=
ac_cv_env_CPP_set=
ac_cv_env_CPP_value=
ac_cv_env_LDFLAGS_set=
ac_cv_env_LDFLAGS_value=
ac_cv_env_LIBS_set=
ac_cv_env_LIBS_value=
ac_cv_env_PKG_CONFIG_LIBDIR_set=
ac_cv_env_PKG_CONFIG_LIBDIR_value=
ac_cv_env_PKG_CONFIG_PATH_set=
ac_cv_env_PKG_CONFIG_PATH_value=
ac_cv_env_PKG_CONFIG_set=
ac_cv_env_PKG_CONFIG_value=
ac_cv_env_build_alias_set=
ac_cv_env_build_alias_value=
ac_cv_env_host_alias_set=
ac_cv_env_host_alias_value=
ac_cv_env_target_alias_set=
ac_cv_env_target_alias_value=
ac_cv_header_dlfcn_h=yes
ac_cv_header_inttypes_h=yes
ac_cv_header_stdint_h=yes
ac_cv_header_stdio_h=yes
ac_cv_header_stdlib_h=yes
ac_cv_header_string_h=yes
ac_cv_header_strings_h=yes
ac_cv_header_sys_stat_h=yes
ac_cv_header_sys_types_h=yes
ac_cv_header_unistd_h=yes
ac_cv_host=x86_64-apple-darwin21.6.0
ac_cv_lib_ssh2_libssh2_banner_set=yes
ac_cv_lib_ssh2_libssh2_channel_forward_listen_ex=yes
ac_cv_lib_ssh2_libssh2_poll=yes
ac_cv_lib_ssh2_libssh2_publickey_init=yes
ac_cv_lib_ssh2_libssh2_userauth_hostbased_fromfile_ex=yes
ac_cv_objext=o
ac_cv_path_EGREP='/usr/bin/grep -E'
ac_cv_path_GREP=/usr/bin/grep
ac_cv_path_SED=/usr/bin/sed
ac_cv_path_ac_pt_PKG_CONFIG=/opt/local/bin/pkg-config
ac_cv_prog_AWK=awk
ac_cv_prog_CPP='cc -E'
ac_cv_prog_ac_ct_AR=ar
ac_cv_prog_ac_ct_CC=cc
ac_cv_prog_ac_ct_DSYMUTIL=dsymutil
ac_cv_prog_ac_ct_NMEDIT=nmedit
ac_cv_prog_ac_ct_RANLIB=ranlib
ac_cv_prog_ac_ct_STRIP=strip
ac_cv_prog_cc_c11=
ac_cv_prog_cc_g=yes
ac_cv_prog_cc_stdc=
ac_cv_target=x86_64-apple-darwin21.6.0
lt_cv_apple_cc_single_mod=yes
lt_cv_deplibs_check_method=pass_all
lt_cv_file_magic_cmd='$MAGIC_CMD'
lt_cv_file_magic_test_file=
lt_cv_ld_exported_symbols_list=yes
lt_cv_ld_reload_flag=-r
lt_cv_objdir=.libs
lt_cv_path_LD=/Applications/Xcode.app/Contents/Developer/Toolchains/XcodeDefault.xctoolchain/usr/bin/ld
lt_cv_path_NM='/usr/bin/nm -B'
lt_cv_path_SED=/usr/bin/sed
lt_cv_prog_compiler_c_o=yes
lt_cv_prog_compiler_pic_works=yes
lt_cv_prog_compiler_rtti_exceptions=yes
lt_cv_prog_compiler_static_works=no
lt_cv_prog_gnu_ld=no
lt_cv_sys_global_symbol_pipe='sed -n -e '\''s/^.*[ 	]\([ABCDGIRSTW][ABCDGIRSTW]*\)[ 	][ 	]*_\([_A-Za-z][_A-Za-z0-9]*\)$/\1 _\2 \2/p'\'''
lt_cv_sys_global_symbol_to_c_name_address='sed -n -e '\''s/^: \([^ ]*\) $/  {\"\1\", (lt_ptr) 0},/p'\'' -e '\''s/^[BCDEGRST] \([^ ]*\) \([^ ]*\)$/  {"\2", (lt_ptr) \&\2},/p'\'''
lt_cv_sys_global_symbol_to_cdecl='sed -n -e '\''s/^. .* \(.*\)$/extern int \1;/p'\'''
lt_cv_sys_lib_dlsearch_path_spec='/usr/local/lib /lib /usr/lib'
lt_cv_sys_lib_search_path_spec='/Applications/Xcode.app/Contents/Developer/Toolchains/XcodeDefault.xctoolchain/usr/lib/clang/14.0.0 /usr/local/lib'
lt_cv_sys_max_cmd_len=786432
lt_lt_cv_prog_compiler_c_o='"yes"'
lt_lt_cv_sys_global_symbol_pipe='"sed -n -e '\''s/^.*[ 	]\\([ABCDGIRSTW][ABCDGIRSTW]*\\)[ 	][ 	]*_\\([_A-Za-z][_A-Za-z0-9]*\\)\$/\\1 _\\2 \\2/p'\''"'
lt_lt_cv_sys_global_symbol_to_c_name_address='"sed -n -e '\''s/^: \\([^ ]*\\) \$/  {\\\"\\1\\\", (lt_ptr) 0},/p'\'' -e '\''s/^[BCDEGRST] \\([^ ]*\\) \\([^ ]*\\)\$/  {\"\\2\", (lt_ptr) \\&\\2},/p'\''"'
lt_lt_cv_sys_global_symbol_to_cdecl='"sed -n -e '\''s/^. .* \\(.*\\)\$/extern int \\1;/p'\''"'
php_cv_cc_rpath=yes

## ----------------- ##
## Output variables. ##
## ----------------- ##

AR='ar'
AWK='awk'
CC='cc'
CFLAGS='-g -O2'
CONFIGURE_COMMAND=' '\''./configure'\''  '\''--with-ssh2'\'''
CONFIGURE_OPTIONS=' '\''--with-ssh2'\'''
CPP='cc -E'
CPPFLAGS=' -DHAVE_CONFIG_H'
DEFS='-DHAVE_CONFIG_H'
DSYMUTIL='dsymutil'
ECHO='/bin/echo'
ECHO_C='\c'
ECHO_N=''
ECHO_T=''
EGREP='/usr/bin/grep -E'
EXEEXT=''
GREP='/usr/bin/grep'
LDFLAGS=''
LIBOBJS=''
LIBS=''
LIBTOOL='$(SHELL) $(top_builddir)/libtool'
LN_S='ln -s'
LTLIBOBJS=''
NMEDIT='nmedit'
OBJEXT='o'
PACKAGE_BUGREPORT=''
PACKAGE_NAME=''
PACKAGE_STRING=''
PACKAGE_TARNAME=''
PACKAGE_URL=''
PACKAGE_VERSION=''
PATH_SEPARATOR=':'
PKG_CONFIG='/opt/local/bin/pkg-config'
PKG_CONFIG_LIBDIR=''
PKG_CONFIG_PATH=''
RANLIB='ranlib'
SED='/usr/bin/sed'
SHELL='/bin/sh'
SHLIB_DL_SUFFIX_NAME='so'
SHLIB_SUFFIX_NAME='dylib'
STRIP='strip'
ac_ct_CC='cc'
bindir='${exec_prefix}/bin'
build='x86_64-apple-darwin21.6.0'
build_alias=''
build_cpu='x86_64'
build_os='darwin21.6.0'
build_vendor='apple'
datadir='${datarootdir}'
datarootdir='${prefix}/share'
docdir='${datarootdir}/doc/${PACKAGE}'
dvidir='${docdir}'
exec_prefix='$(prefix)'
host='x86_64-apple-darwin21.6.0'
host_alias='x86_64-apple-darwin21.6.0'
host_cpu='x86_64'
host_os='darwin21.6.0'
host_vendor='apple'
htmldir='${docdir}'
includedir='${prefix}/include'
infodir='${datarootdir}/info'
libdir='${exec_prefix}/lib'
libexecdir='${exec_prefix}/libexec'
localedir='${datarootdir}/locale'
localstatedir='${prefix}/var'
mandir='${datarootdir}/man'
oldincludedir='/usr/include'
pdfdir='${docdir}'
prefix='/usr/local/Cellar/php@8.0/8.0.24'
program_transform_name='s,x,x,'
psdir='${docdir}'
runstatedir='${localstatedir}/run'
sbindir='${exec_prefix}/sbin'
sharedstatedir='${prefix}/com'
sysconfdir='${prefix}/etc'
target='x86_64-apple-darwin21.6.0'
target_alias=''
target_cpu='x86_64'
target_os='darwin21.6.0'
target_vendor='apple'

## ----------- ##
## confdefs.h. ##
## ----------- ##

/* confdefs.h */
#define PACKAGE_NAME ""
#define PACKAGE_TARNAME ""
#define PACKAGE_VERSION ""
#define PACKAGE_STRING ""
#define PACKAGE_BUGREPORT ""
#define PACKAGE_URL ""
#define HAVE_SSH2LIB 1
#define PHP_SSH2_REMOTE_FORWARDING 1
#define PHP_SSH2_HOSTBASED_AUTH 1
#define PHP_SSH2_POLL 1
#define PHP_SSH2_PUBLICKEY_SUBSYSTEM 1
#define COMPILE_DL_SSH2 1
#define HAVE_STDIO_H 1
#define HAVE_STDLIB_H 1
#define HAVE_STRING_H 1
#define HAVE_INTTYPES_H 1
#define HAVE_STDINT_H 1
#define HAVE_STRINGS_H 1
#define HAVE_SYS_STAT_H 1
#define HAVE_SYS_TYPES_H 1
#define HAVE_UNISTD_H 1
#define STDC_HEADERS 1
#define HAVE_DLFCN_H 1

configure: exit 0
